# JRE version: OpenJDK Runtime Environment (8.0_152-b01) (build 1.8.0_152-release-1343-b01)
# Java VM: OpenJDK 64-Bit Server VM (25.152-b01 mixed mode windows-amd64 compressed oops)
Heap:
 PSYoungGen      total 159744K, used 23261K [0x00000000e0000000, 0x00000000ece00000, 0x0000000100000000)
  eden space 145408K, 15% used [0x00000000e0000000,0x00000000e16b75c0,0x00000000e8e00000)
  from space 14336K, 0% used [0x00000000e9b80000,0x00000000e9b80000,0x00000000ea980000)
  to   space 13824K, 0% used [0x00000000e8e00000,0x00000000e8e00000,0x00000000e9b80000)
 ParOldGen       total 164352K, used 18201K [0x00000000a0000000, 0x00000000aa080000, 0x00000000e0000000)
  object space 164352K, 11% used [0x00000000a0000000,0x00000000a11c66a8,0x00000000aa080000)
 Metaspace       used 38405K, capacity 39264K, committed 39512K, reserved 1083392K
  class space    used 5236K, capacity 5473K, committed 5504K, reserved 1048576K
GC Heap History (10 events):
Event: 1.702 GC heap before
{Heap before GC invocations=4 (full 1):
 PSYoungGen      total 75776K, used 10720K [0x00000000e0000000, 0x00000000e9400000, 0x0000000100000000)
  eden space 65024K, 0% used [0x00000000e0000000,0x00000000e0000000,0x00000000e3f80000)
  from space 10752K, 99% used [0x00000000e3f80000,0x00000000e49f8088,0x00000000e4a00000)
  to   space 10752K, 0% used [0x00000000e8980000,0x00000000e8980000,0x00000000e9400000)
 ParOldGen       total 173568K, used 1050K [0x00000000a0000000, 0x00000000aa980000, 0x00000000e0000000)
  object space 173568K, 0% used [0x00000000a0000000,0x00000000a0106b38,0x00000000aa980000)
 Metaspace       used 20736K, capacity 21108K, committed 21248K, reserved 1067008K
  class space    used 2886K, capacity 3037K, committed 3072K, reserved 1048576K
Event: 1.728 GC heap after
Heap after GC invocations=4 (full 1):
 PSYoungGen      total 75776K, used 0K [0x00000000e0000000, 0x00000000e9400000, 0x0000000100000000)
  eden space 65024K, 0% used [0x00000000e0000000,0x00000000e0000000,0x00000000e3f80000)
  from space 10752K, 0% used [0x00000000e3f80000,0x00000000e3f80000,0x00000000e4a00000)
  to   space 10752K, 0% used [0x00000000e8980000,0x00000000e8980000,0x00000000e9400000)
 ParOldGen       total 111616K, used 11388K [0x00000000a0000000, 0x00000000a6d00000, 0x00000000e0000000)
  object space 111616K, 10% used [0x00000000a0000000,0x00000000a0b1f358,0x00000000a6d00000)
 Metaspace       used 20736K, capacity 21108K, committed 21248K, reserved 1067008K
  class space    used 2886K, capacity 3037K, committed 3072K, reserved 1048576K
}
Event: 2.414 GC heap before
{Heap before GC invocations=5 (full 1):
 PSYoungGen      total 75776K, used 65024K [0x00000000e0000000, 0x00000000e9400000, 0x0000000100000000)
  eden space 65024K, 100% used [0x00000000e0000000,0x00000000e3f80000,0x00000000e3f80000)
  from space 10752K, 0% used [0x00000000e3f80000,0x00000000e3f80000,0x00000000e4a00000)
  to   space 10752K, 0% used [0x00000000e8980000,0x00000000e8980000,0x00000000e9400000)
 ParOldGen       total 111616K, used 11388K [0x00000000a0000000, 0x00000000a6d00000, 0x00000000e0000000)
  object space 111616K, 10% used [0x00000000a0000000,0x00000000a0b1f358,0x00000000a6d00000)
 Metaspace       used 27474K, capacity 27924K, committed 28288K, reserved 1073152K
  class space    used 3745K, capacity 3914K, committed 3968K, reserved 1048576K
Event: 2.424 GC heap after
Heap after GC invocations=5 (full 1):
 PSYoungGen      total 105472K, used 8322K [0x00000000e0000000, 0x00000000e9200000, 0x0000000100000000)
  eden space 96768K, 0% used [0x00000000e0000000,0x00000000e0000000,0x00000000e5e80000)
  from space 8704K, 95% used [0x00000000e8980000,0x00000000e91a0a68,0x00000000e9200000)
  to   space 10752K, 0% used [0x00000000e7d00000,0x00000000e7d00000,0x00000000e8780000)
 ParOldGen       total 111616K, used 11396K [0x00000000a0000000, 0x00000000a6d00000, 0x00000000e0000000)
  object space 111616K, 10% used [0x00000000a0000000,0x00000000a0b21358,0x00000000a6d00000)
 Metaspace       used 27474K, capacity 27924K, committed 28288K, reserved 1073152K
  class space    used 3745K, capacity 3914K, committed 3968K, reserved 1048576K
}
Event: 3.274 GC heap before
{Heap before GC invocations=6 (full 1):
 PSYoungGen      total 105472K, used 105090K [0x00000000e0000000, 0x00000000e9200000, 0x0000000100000000)
  eden space 96768K, 100% used [0x00000000e0000000,0x00000000e5e80000,0x00000000e5e80000)
  from space 8704K, 95% used [0x00000000e8980000,0x00000000e91a0a68,0x00000000e9200000)
  to   space 10752K, 0% used [0x00000000e7d00000,0x00000000e7d00000,0x00000000e8780000)
 ParOldGen       total 111616K, used 11396K [0x00000000a0000000, 0x00000000a6d00000, 0x00000000e0000000)
  object space 111616K, 10% used [0x00000000a0000000,0x00000000a0b21358,0x00000000a6d00000)
 Metaspace       used 33148K, capacity 33840K, committed 34176K, reserved 1079296K
  class space    used 4535K, capacity 4721K, committed 4736K, reserved 1048576K
Event: 3.289 GC heap after
Heap after GC invocations=6 (full 1):
 PSYoungGen      total 138752K, used 10751K [0x00000000e0000000, 0x00000000ea980000, 0x0000000100000000)
  eden space 128000K, 0% used [0x00000000e0000000,0x00000000e0000000,0x00000000e7d00000)
  from space 10752K, 99% used [0x00000000e7d00000,0x00000000e877fd20,0x00000000e8780000)
  to   space 14336K, 0% used [0x00000000e9b80000,0x00000000e9b80000,0x00000000ea980000)
 ParOldGen       total 111616K, used 13073K [0x00000000a0000000, 0x00000000a6d00000, 0x00000000e0000000)
  object space 111616K, 11% used [0x00000000a0000000,0x00000000a0cc4520,0x00000000a6d00000)
 Metaspace       used 33148K, capacity 33840K, committed 34176K, reserved 1079296K
  class space    used 4535K, capacity 4721K, committed 4736K, reserved 1048576K
}
Event: 11.820 GC heap before
{Heap before GC invocations=7 (full 1):
 PSYoungGen      total 138752K, used 47135K [0x00000000e0000000, 0x00000000ea980000, 0x0000000100000000)
  eden space 128000K, 28% used [0x00000000e0000000,0x00000000e2388018,0x00000000e7d00000)
  from space 10752K, 99% used [0x00000000e7d00000,0x00000000e877fd20,0x00000000e8780000)
  to   space 14336K, 0% used [0x00000000e9b80000,0x00000000e9b80000,0x00000000ea980000)
 ParOldGen       total 111616K, used 13073K [0x00000000a0000000, 0x00000000a6d00000, 0x00000000e0000000)
  object space 111616K, 11% used [0x00000000a0000000,0x00000000a0cc4520,0x00000000a6d00000)
 Metaspace       used 34519K, capacity 35240K, committed 35416K, reserved 1079296K
  class space    used 4731K, capacity 4916K, committed 4992K, reserved 1048576K
Event: 11.831 GC heap after
Heap after GC invocations=7 (full 1):
 PSYoungGen      total 159744K, used 10169K [0x00000000e0000000, 0x00000000ece00000, 0x0000000100000000)
  eden space 145408K, 0% used [0x00000000e0000000,0x00000000e0000000,0x00000000e8e00000)
  from space 14336K, 70% used [0x00000000e9b80000,0x00000000ea56e650,0x00000000ea980000)
  to   space 13824K, 0% used [0x00000000e8e00000,0x00000000e8e00000,0x00000000e9b80000)
 ParOldGen       total 111616K, used 13081K [0x00000000a0000000, 0x00000000a6d00000, 0x00000000e0000000)
  object space 111616K, 11% used [0x00000000a0000000,0x00000000a0cc6520,0x00000000a6d00000)
 Metaspace       used 34519K, capacity 35240K, committed 35416K, reserved 1079296K
  class space    used 4731K, capacity 4916K, committed 4992K, reserved 1048576K
}
Event: 11.831 GC heap before
{Heap before GC invocations=8 (full 2):
 PSYoungGen      total 159744K, used 10169K [0x00000000e0000000, 0x00000000ece00000, 0x0000000100000000)
  eden space 145408K, 0% used [0x00000000e0000000,0x00000000e0000000,0x00000000e8e00000)
  from space 14336K, 70% used [0x00000000e9b80000,0x00000000ea56e650,0x00000000ea980000)
  to   space 13824K, 0% used [0x00000000e8e00000,0x00000000e8e00000,0x00000000e9b80000)
 ParOldGen       total 111616K, used 13081K [0x00000000a0000000, 0x00000000a6d00000, 0x00000000e0000000)
  object space 111616K, 11% used [0x00000000a0000000,0x00000000a0cc6520,0x00000000a6d00000)
 Metaspace       used 34519K, capacity 35240K, committed 35416K, reserved 1079296K
  class space    used 4731K, capacity 4916K, committed 4992K, reserved 1048576K
Event: 11.873 GC heap after
Heap after GC invocations=8 (full 2):
 PSYoungGen      total 159744K, used 0K [0x00000000e0000000, 0x00000000ece00000, 0x0000000100000000)
  eden space 145408K, 0% used [0x00000000e0000000,0x00000000e0000000,0x00000000e8e00000)
  from space 14336K, 0% used [0x00000000e9b80000,0x00000000e9b80000,0x00000000ea980000)
  to   space 13824K, 0% used [0x00000000e8e00000,0x00000000e8e00000,0x00000000e9b80000)
 ParOldGen       total 164352K, used 18201K [0x00000000a0000000, 0x00000000aa080000, 0x00000000e0000000)
  object space 164352K, 11% used [0x00000000a0000000,0x00000000a11c66a8,0x00000000aa080000)
 Metaspace       used 34514K, capacity 35222K, committed 35416K, reserved 1079296K
  class space    used 4729K, capacity 4913K, committed 4992K, reserved 1048576K
}

